# JRE version: OpenJDK Runtime Environment Temurin-17.0.4.1+1 (17.0.4.1+1) (build 17.0.4.1+1)
# Java VM: OpenJDK 64-Bit Server VM Temurin-17.0.4.1+1 (17.0.4.1+1, mixed mode, tiered, compressed oops, compressed class ptrs, parallel gc, windows-amd64)
GC Precious Log:
 CPUs: 8 total, 8 available
 Memory: 8001M
 Large Page Support: Disabled
 NUMA Support: Disabled
 Compressed Oops: Enabled (32-bit)
 Alignments: Space 512K, Generation 512K, Heap 2M
 Heap Min Capacity: 100M
 Heap Initial Capacity: 100M
 Heap Max Capacity: 1G
 Pre-touch: Disabled
 Parallel Workers: 8
Heap:
 PSYoungGen      total 24064K, used 13341K [0x00000000eab00000, 0x00000000ec600000, 0x0000000100000000)
  eden space 22528K, 52% used [0x00000000eab00000,0x00000000eb6a74f0,0x00000000ec100000)
  from space 1536K, 91% used [0x00000000ec400000,0x00000000ec560000,0x00000000ec580000)
  to   space 512K, 0% used [0x00000000ec580000,0x00000000ec580000,0x00000000ec600000)
 ParOldGen       total 68608K, used 13333K [0x00000000c0000000, 0x00000000c4300000, 0x00000000eab00000)
  object space 68608K, 19% used [0x00000000c0000000,0x00000000c0d05580,0x00000000c4300000)
 Metaspace       used 43119K, committed 43840K, reserved 1089536K
  class space    used 4621K, committed 4992K, reserved 1048576K
GC Heap History (20 events):
Event: 25.144 GC heap before
{Heap before GC invocations=4 (full 0):
 PSYoungGen      total 29696K, used 13574K [0x00000000eab00000, 0x00000000ecc00000, 0x0000000100000000)
  eden space 25600K, 37% used [0x00000000eab00000,0x00000000eb449330,0x00000000ec400000)
  from space 4096K, 99% used [0x00000000ec400000,0x00000000ec7f8570,0x00000000ec800000)
  to   space 4096K, 0% used [0x00000000ec800000,0x00000000ec800000,0x00000000ecc00000)
 ParOldGen       total 68608K, used 3976K [0x00000000c0000000, 0x00000000c4300000, 0x00000000eab00000)
  object space 68608K, 5% used [0x00000000c0000000,0x00000000c03e22f0,0x00000000c4300000)
 Metaspace       used 21129K, committed 21504K, reserved 1073152K
  class space    used 2142K, committed 2304K, reserved 1048576K
}
Event: 25.152 GC heap after
{Heap after GC invocations=4 (full 0):
 PSYoungGen      total 29696K, used 4074K [0x00000000eab00000, 0x00000000ecc00000, 0x0000000100000000)
  eden space 25600K, 0% used [0x00000000eab00000,0x00000000eab00000,0x00000000ec400000)
  from space 4096K, 99% used [0x00000000ec800000,0x00000000ecbfa9b0,0x00000000ecc00000)
  to   space 4096K, 0% used [0x00000000ec400000,0x00000000ec400000,0x00000000ec800000)
 ParOldGen       total 68608K, used 4396K [0x00000000c0000000, 0x00000000c4300000, 0x00000000eab00000)
  object space 68608K, 6% used [0x00000000c0000000,0x00000000c044b320,0x00000000c4300000)
 Metaspace       used 21129K, committed 21504K, reserved 1073152K
  class space    used 2142K, committed 2304K, reserved 1048576K
}
Event: 25.152 GC heap before
{Heap before GC invocations=5 (full 1):
 PSYoungGen      total 29696K, used 4074K [0x00000000eab00000, 0x00000000ecc00000, 0x0000000100000000)
  eden space 25600K, 0% used [0x00000000eab00000,0x00000000eab00000,0x00000000ec400000)
  from space 4096K, 99% used [0x00000000ec800000,0x00000000ecbfa9b0,0x00000000ecc00000)
  to   space 4096K, 0% used [0x00000000ec400000,0x00000000ec400000,0x00000000ec800000)
 ParOldGen       total 68608K, used 4396K [0x00000000c0000000, 0x00000000c4300000, 0x00000000eab00000)
  object space 68608K, 6% used [0x00000000c0000000,0x00000000c044b320,0x00000000c4300000)
 Metaspace       used 21129K, committed 21504K, reserved 1073152K
  class space    used 2142K, committed 2304K, reserved 1048576K
}
Event: 25.206 GC heap after
{Heap after GC invocations=5 (full 1):
 PSYoungGen      total 29696K, used 0K [0x00000000eab00000, 0x00000000ecc00000, 0x0000000100000000)
  eden space 25600K, 0% used [0x00000000eab00000,0x00000000eab00000,0x00000000ec400000)
  from space 4096K, 0% used [0x00000000ec800000,0x00000000ec800000,0x00000000ecc00000)
  to   space 4096K, 0% used [0x00000000ec400000,0x00000000ec400000,0x00000000ec800000)
 ParOldGen       total 68608K, used 8205K [0x00000000c0000000, 0x00000000c4300000, 0x00000000eab00000)
  object space 68608K, 11% used [0x00000000c0000000,0x00000000c0803440,0x00000000c4300000)
 Metaspace       used 21116K, committed 21504K, reserved 1073152K
  class space    used 2138K, committed 2304K, reserved 1048576K
}
Event: 29.212 GC heap before
{Heap before GC invocations=6 (full 1):
 PSYoungGen      total 29696K, used 25600K [0x00000000eab00000, 0x00000000ecc00000, 0x0000000100000000)
  eden space 25600K, 100% used [0x00000000eab00000,0x00000000ec400000,0x00000000ec400000)
  from space 4096K, 0% used [0x00000000ec800000,0x00000000ec800000,0x00000000ecc00000)
  to   space 4096K, 0% used [0x00000000ec400000,0x00000000ec400000,0x00000000ec800000)
 ParOldGen       total 68608K, used 8205K [0x00000000c0000000, 0x00000000c4300000, 0x00000000eab00000)
  object space 68608K, 11% used [0x00000000c0000000,0x00000000c0803440,0x00000000c4300000)
 Metaspace       used 24731K, committed 25216K, reserved 1073152K
  class space    used 2526K, committed 2752K, reserved 1048576K
}
Event: 29.215 GC heap after
{Heap after GC invocations=6 (full 1):
 PSYoungGen      total 28672K, used 3380K [0x00000000eab00000, 0x00000000ecb80000, 0x0000000100000000)
  eden space 25088K, 0% used [0x00000000eab00000,0x00000000eab00000,0x00000000ec380000)
  from space 3584K, 94% used [0x00000000ec400000,0x00000000ec74d3f8,0x00000000ec780000)
  to   space 4096K, 0% used [0x00000000ec780000,0x00000000ec780000,0x00000000ecb80000)
 ParOldGen       total 68608K, used 8213K [0x00000000c0000000, 0x00000000c4300000, 0x00000000eab00000)
  object space 68608K, 11% used [0x00000000c0000000,0x00000000c0805440,0x00000000c4300000)
 Metaspace       used 24731K, committed 25216K, reserved 1073152K
  class space    used 2526K, committed 2752K, reserved 1048576K
}
Event: 29.989 GC heap before
{Heap before GC invocations=7 (full 1):
 PSYoungGen      total 28672K, used 28468K [0x00000000eab00000, 0x00000000ecb80000, 0x0000000100000000)
  eden space 25088K, 100% used [0x00000000eab00000,0x00000000ec380000,0x00000000ec380000)
  from space 3584K, 94% used [0x00000000ec400000,0x00000000ec74d3f8,0x00000000ec780000)
  to   space 4096K, 0% used [0x00000000ec780000,0x00000000ec780000,0x00000000ecb80000)
 ParOldGen       total 68608K, used 8213K [0x00000000c0000000, 0x00000000c4300000, 0x00000000eab00000)
  object space 68608K, 11% used [0x00000000c0000000,0x00000000c0805440,0x00000000c4300000)
 Metaspace       used 28402K, committed 28928K, reserved 1081344K
  class space    used 2858K, committed 3072K, reserved 1048576K
}
Event: 29.992 GC heap after
{Heap after GC invocations=7 (full 1):
 PSYoungGen      total 27136K, used 2309K [0x00000000eab00000, 0x00000000eca00000, 0x0000000100000000)
  eden space 24576K, 0% used [0x00000000eab00000,0x00000000eab00000,0x00000000ec300000)
  from space 2560K, 90% used [0x00000000ec780000,0x00000000ec9c15c8,0x00000000eca00000)
  to   space 3072K, 0% used [0x00000000ec400000,0x00000000ec400000,0x00000000ec700000)
 ParOldGen       total 68608K, used 8213K [0x00000000c0000000, 0x00000000c4300000, 0x00000000eab00000)
  object space 68608K, 11% used [0x00000000c0000000,0x00000000c0805440,0x00000000c4300000)
 Metaspace       used 28402K, committed 28928K, reserved 1081344K
  class space    used 2858K, committed 3072K, reserved 1048576K
}
Event: 30.828 GC heap before
{Heap before GC invocations=8 (full 1):
 PSYoungGen      total 27136K, used 26885K [0x00000000eab00000, 0x00000000eca00000, 0x0000000100000000)
  eden space 24576K, 100% used [0x00000000eab00000,0x00000000ec300000,0x00000000ec300000)
  from space 2560K, 90% used [0x00000000ec780000,0x00000000ec9c15c8,0x00000000eca00000)
  to   space 3072K, 0% used [0x00000000ec400000,0x00000000ec400000,0x00000000ec700000)
 ParOldGen       total 68608K, used 8213K [0x00000000c0000000, 0x00000000c4300000, 0x00000000eab00000)
  object space 68608K, 11% used [0x00000000c0000000,0x00000000c0805440,0x00000000c4300000)
 Metaspace       used 31623K, committed 32128K, reserved 1081344K
  class space    used 3186K, committed 3392K, reserved 1048576K
}
Event: 30.832 GC heap after
{Heap after GC invocations=8 (full 1):
 PSYoungGen      total 27136K, used 2801K [0x00000000eab00000, 0x00000000ec880000, 0x0000000100000000)
  eden space 24064K, 0% used [0x00000000eab00000,0x00000000eab00000,0x00000000ec280000)
  from space 3072K, 91% used [0x00000000ec400000,0x00000000ec6bc7d8,0x00000000ec700000)
  to   space 1536K, 0% used [0x00000000ec700000,0x00000000ec700000,0x00000000ec880000)
 ParOldGen       total 68608K, used 8221K [0x00000000c0000000, 0x00000000c4300000, 0x00000000eab00000)
  object space 68608K, 11% used [0x00000000c0000000,0x00000000c0807440,0x00000000c4300000)
 Metaspace       used 31623K, committed 32128K, reserved 1081344K
  class space    used 3186K, committed 3392K, reserved 1048576K
}
Event: 36.895 GC heap before
{Heap before GC invocations=9 (full 1):
 PSYoungGen      total 27136K, used 26865K [0x00000000eab00000, 0x00000000ec880000, 0x0000000100000000)
  eden space 24064K, 100% used [0x00000000eab00000,0x00000000ec280000,0x00000000ec280000)
  from space 3072K, 91% used [0x00000000ec400000,0x00000000ec6bc7d8,0x00000000ec700000)
  to   space 1536K, 0% used [0x00000000ec700000,0x00000000ec700000,0x00000000ec880000)
 ParOldGen       total 68608K, used 8221K [0x00000000c0000000, 0x00000000c4300000, 0x00000000eab00000)
  object space 68608K, 11% used [0x00000000c0000000,0x00000000c0807440,0x00000000c4300000)
 Metaspace       used 33752K, committed 34304K, reserved 1081344K
  class space    used 3442K, committed 3712K, reserved 1048576K
}
Event: 36.901 GC heap after
{Heap after GC invocations=9 (full 1):
 PSYoungGen      total 25088K, used 1522K [0x00000000eab00000, 0x00000000eca00000, 0x0000000100000000)
  eden space 23552K, 0% used [0x00000000eab00000,0x00000000eab00000,0x00000000ec200000)
  from space 1536K, 99% used [0x00000000ec700000,0x00000000ec87cbb8,0x00000000ec880000)
  to   space 4096K, 0% used [0x00000000ec200000,0x00000000ec200000,0x00000000ec600000)
 ParOldGen       total 68608K, used 10539K [0x00000000c0000000, 0x00000000c4300000, 0x00000000eab00000)
  object space 68608K, 15% used [0x00000000c0000000,0x00000000c0a4ac70,0x00000000c4300000)
 Metaspace       used 33752K, committed 34304K, reserved 1081344K
  class space    used 3442K, committed 3712K, reserved 1048576K
}
Event: 37.350 GC heap before
{Heap before GC invocations=10 (full 1):
 PSYoungGen      total 25088K, used 10901K [0x00000000eab00000, 0x00000000eca00000, 0x0000000100000000)
  eden space 23552K, 39% used [0x00000000eab00000,0x00000000eb4289d0,0x00000000ec200000)
  from space 1536K, 99% used [0x00000000ec700000,0x00000000ec87cbb8,0x00000000ec880000)
  to   space 4096K, 0% used [0x00000000ec200000,0x00000000ec200000,0x00000000ec600000)
 ParOldGen       total 68608K, used 10539K [0x00000000c0000000, 0x00000000c4300000, 0x00000000eab00000)
  object space 68608K, 15% used [0x00000000c0000000,0x00000000c0a4ac70,0x00000000c4300000)
 Metaspace       used 35265K, committed 35840K, reserved 1081344K
  class space    used 3621K, committed 3904K, reserved 1048576K
}
Event: 37.353 GC heap after
{Heap after GC invocations=10 (full 1):
 PSYoungGen      total 24576K, used 979K [0x00000000eab00000, 0x00000000ec780000, 0x0000000100000000)
  eden space 23552K, 0% used [0x00000000eab00000,0x00000000eab00000,0x00000000ec200000)
  from space 1024K, 95% used [0x00000000ec200000,0x00000000ec2f4d00,0x00000000ec300000)
  to   space 2048K, 0% used [0x00000000ec580000,0x00000000ec580000,0x00000000ec780000)
 ParOldGen       total 68608K, used 11661K [0x00000000c0000000, 0x00000000c4300000, 0x00000000eab00000)
  object space 68608K, 16% used [0x00000000c0000000,0x00000000c0b63568,0x00000000c4300000)
 Metaspace       used 35265K, committed 35840K, reserved 1081344K
  class space    used 3621K, committed 3904K, reserved 1048576K
}
Event: 37.353 GC heap before
{Heap before GC invocations=11 (full 2):
 PSYoungGen      total 24576K, used 979K [0x00000000eab00000, 0x00000000ec780000, 0x0000000100000000)
  eden space 23552K, 0% used [0x00000000eab00000,0x00000000eab00000,0x00000000ec200000)
  from space 1024K, 95% used [0x00000000ec200000,0x00000000ec2f4d00,0x00000000ec300000)
  to   space 2048K, 0% used [0x00000000ec580000,0x00000000ec580000,0x00000000ec780000)
 ParOldGen       total 68608K, used 11661K [0x00000000c0000000, 0x00000000c4300000, 0x00000000eab00000)
  object space 68608K, 16% used [0x00000000c0000000,0x00000000c0b63568,0x00000000c4300000)
 Metaspace       used 35265K, committed 35840K, reserved 1081344K
  class space    used 3621K, committed 3904K, reserved 1048576K
}
Event: 37.384 GC heap after
{Heap after GC invocations=11 (full 2):
 PSYoungGen      total 24576K, used 0K [0x00000000eab00000, 0x00000000ec780000, 0x0000000100000000)
  eden space 23552K, 0% used [0x00000000eab00000,0x00000000eab00000,0x00000000ec200000)
  from space 1024K, 0% used [0x00000000ec200000,0x00000000ec200000,0x00000000ec300000)
  to   space 2048K, 0% used [0x00000000ec580000,0x00000000ec580000,0x00000000ec780000)
 ParOldGen       total 68608K, used 12266K [0x00000000c0000000, 0x00000000c4300000, 0x00000000eab00000)
  object space 68608K, 17% used [0x00000000c0000000,0x00000000c0bfaa78,0x00000000c4300000)
 Metaspace       used 35265K, committed 35840K, reserved 1081344K
  class space    used 3621K, committed 3904K, reserved 1048576K
}
Event: 39.678 GC heap before
{Heap before GC invocations=12 (full 2):
 PSYoungGen      total 24576K, used 23549K [0x00000000eab00000, 0x00000000ec780000, 0x0000000100000000)
  eden space 23552K, 99% used [0x00000000eab00000,0x00000000ec1ff7f8,0x00000000ec200000)
  from space 1024K, 0% used [0x00000000ec200000,0x00000000ec200000,0x00000000ec300000)
  to   space 2048K, 0% used [0x00000000ec580000,0x00000000ec580000,0x00000000ec780000)
 ParOldGen       total 68608K, used 12266K [0x00000000c0000000, 0x00000000c4300000, 0x00000000eab00000)
  object space 68608K, 17% used [0x00000000c0000000,0x00000000c0bfaa78,0x00000000c4300000)
 Metaspace       used 38535K, committed 39232K, reserved 1089536K
  class space    used 4026K, committed 4352K, reserved 1048576K
}
Event: 39.684 GC heap after
{Heap after GC invocations=12 (full 2):
 PSYoungGen      total 24576K, used 1234K [0x00000000eab00000, 0x00000000ec700000, 0x0000000100000000)
  eden space 23040K, 0% used [0x00000000eab00000,0x00000000eab00000,0x00000000ec180000)
  from space 1536K, 80% used [0x00000000ec580000,0x00000000ec6b48a0,0x00000000ec700000)
  to   space 1536K, 0% used [0x00000000ec400000,0x00000000ec400000,0x00000000ec580000)
 ParOldGen       total 68608K, used 12274K [0x00000000c0000000, 0x00000000c4300000, 0x00000000eab00000)
  object space 68608K, 17% used [0x00000000c0000000,0x00000000c0bfca78,0x00000000c4300000)
 Metaspace       used 38535K, committed 39232K, reserved 1089536K
  class space    used 4026K, committed 4352K, reserved 1048576K
}
Event: 41.793 GC heap before
{Heap before GC invocations=13 (full 2):
 PSYoungGen      total 24576K, used 24274K [0x00000000eab00000, 0x00000000ec700000, 0x0000000100000000)
  eden space 23040K, 100% used [0x00000000eab00000,0x00000000ec180000,0x00000000ec180000)
  from space 1536K, 80% used [0x00000000ec580000,0x00000000ec6b48a0,0x00000000ec700000)
  to   space 1536K, 0% used [0x00000000ec400000,0x00000000ec400000,0x00000000ec580000)
 ParOldGen       total 68608K, used 12274K [0x00000000c0000000, 0x00000000c4300000, 0x00000000eab00000)
  object space 68608K, 17% used [0x00000000c0000000,0x00000000c0bfca78,0x00000000c4300000)
 Metaspace       used 41639K, committed 42432K, reserved 1089536K
  class space    used 4464K, committed 4864K, reserved 1048576K
}
Event: 41.797 GC heap after
{Heap after GC invocations=13 (full 2):
 PSYoungGen      total 24064K, used 1408K [0x00000000eab00000, 0x00000000ec600000, 0x0000000100000000)
  eden space 22528K, 0% used [0x00000000eab00000,0x00000000eab00000,0x00000000ec100000)
  from space 1536K, 91% used [0x00000000ec400000,0x00000000ec560000,0x00000000ec580000)
  to   space 512K, 0% used [0x00000000ec580000,0x00000000ec580000,0x00000000ec600000)
 ParOldGen       total 68608K, used 13333K [0x00000000c0000000, 0x00000000c4300000, 0x00000000eab00000)
  object space 68608K, 19% used [0x00000000c0000000,0x00000000c0d05580,0x00000000c4300000)
 Metaspace       used 41639K, committed 42432K, reserved 1089536K
  class space    used 4464K, committed 4864K, reserved 1048576K
}

