# JRE version: OpenJDK Runtime Environment Temurin-17.0.4.1+1 (17.0.4.1+1) (build 17.0.4.1+1)
# Java VM: OpenJDK 64-Bit Server VM Temurin-17.0.4.1+1 (17.0.4.1+1, mixed mode, tiered, compressed oops, compressed class ptrs, parallel gc, windows-amd64)
GC Precious Log:
 CPUs: 8 total, 8 available
 Memory: 8001M
 Large Page Support: Disabled
 NUMA Support: Disabled
 Compressed Oops: Enabled (32-bit)
 Alignments: Space 512K, Generation 512K, Heap 2M
 Heap Min Capacity: 100M
 Heap Initial Capacity: 100M
 Heap Max Capacity: 1G
 Pre-touch: Disabled
 Parallel Workers: 8
Heap:
 PSYoungGen      total 14336K, used 959K [0x00000000eab00000, 0x00000000ebc00000, 0x0000000100000000)
  eden space 12800K, 3% used [0x00000000eab00000,0x00000000eab7be28,0x00000000eb780000)
  from space 1536K, 30% used [0x00000000eb900000,0x00000000eb974160,0x00000000eba80000)
  to   space 1024K, 0% used [0x00000000ebb00000,0x00000000ebb00000,0x00000000ebc00000)
 ParOldGen       total 68608K, used 43862K [0x00000000c0000000, 0x00000000c4300000, 0x00000000eab00000)
  object space 68608K, 63% used [0x00000000c0000000,0x00000000c2ad59a0,0x00000000c4300000)
 Metaspace       used 60618K, committed 61440K, reserved 1105920K
  class space    used 7388K, committed 7744K, reserved 1048576K
GC Heap History (20 events):
Event: 71.737 GC heap before
{Heap before GC invocations=28 (full 2):
 PSYoungGen      total 17920K, used 13392K [0x00000000eab00000, 0x00000000ebe80000, 0x0000000100000000)
  eden space 12800K, 100% used [0x00000000eab00000,0x00000000eb780000,0x00000000eb780000)
  from space 5120K, 11% used [0x00000000eb780000,0x00000000eb814010,0x00000000ebc80000)
  to   space 2048K, 0% used [0x00000000ebc80000,0x00000000ebc80000,0x00000000ebe80000)
 ParOldGen       total 68608K, used 42669K [0x00000000c0000000, 0x00000000c4300000, 0x00000000eab00000)
  object space 68608K, 62% used [0x00000000c0000000,0x00000000c29ab678,0x00000000c4300000)
 Metaspace       used 52898K, committed 53696K, reserved 1097728K
  class space    used 6115K, committed 6464K, reserved 1048576K
}
Event: 71.740 GC heap after
{Heap after GC invocations=28 (full 2):
 PSYoungGen      total 13312K, used 416K [0x00000000eab00000, 0x00000000ebd00000, 0x0000000100000000)
  eden space 12800K, 0% used [0x00000000eab00000,0x00000000eab00000,0x00000000eb780000)
  from space 512K, 81% used [0x00000000ebc80000,0x00000000ebce8000,0x00000000ebd00000)
  to   space 1024K, 0% used [0x00000000ebb00000,0x00000000ebb00000,0x00000000ebc00000)
 ParOldGen       total 68608K, used 43133K [0x00000000c0000000, 0x00000000c4300000, 0x00000000eab00000)
  object space 68608K, 62% used [0x00000000c0000000,0x00000000c2a1f6c8,0x00000000c4300000)
 Metaspace       used 52898K, committed 53696K, reserved 1097728K
  class space    used 6115K, committed 6464K, reserved 1048576K
}
Event: 74.811 GC heap before
{Heap before GC invocations=29 (full 2):
 PSYoungGen      total 13312K, used 13216K [0x00000000eab00000, 0x00000000ebd00000, 0x0000000100000000)
  eden space 12800K, 100% used [0x00000000eab00000,0x00000000eb780000,0x00000000eb780000)
  from space 512K, 81% used [0x00000000ebc80000,0x00000000ebce8000,0x00000000ebd00000)
  to   space 1024K, 0% used [0x00000000ebb00000,0x00000000ebb00000,0x00000000ebc00000)
 ParOldGen       total 68608K, used 43133K [0x00000000c0000000, 0x00000000c4300000, 0x00000000eab00000)
  object space 68608K, 62% used [0x00000000c0000000,0x00000000c2a1f6c8,0x00000000c4300000)
 Metaspace       used 54402K, committed 55296K, reserved 1097728K
  class space    used 6318K, committed 6720K, reserved 1048576K
}
Event: 74.813 GC heap after
{Heap after GC invocations=29 (full 2):
 PSYoungGen      total 13824K, used 626K [0x00000000eab00000, 0x00000000ebd00000, 0x0000000100000000)
  eden space 12800K, 0% used [0x00000000eab00000,0x00000000eab00000,0x00000000eb780000)
  from space 1024K, 61% used [0x00000000ebb00000,0x00000000ebb9c858,0x00000000ebc00000)
  to   space 1024K, 0% used [0x00000000ebc00000,0x00000000ebc00000,0x00000000ebd00000)
 ParOldGen       total 68608K, used 43445K [0x00000000c0000000, 0x00000000c4300000, 0x00000000eab00000)
  object space 68608K, 63% used [0x00000000c0000000,0x00000000c2a6d6c8,0x00000000c4300000)
 Metaspace       used 54402K, committed 55296K, reserved 1097728K
  class space    used 6318K, committed 6720K, reserved 1048576K
}
Event: 75.710 GC heap before
{Heap before GC invocations=30 (full 2):
 PSYoungGen      total 13824K, used 13426K [0x00000000eab00000, 0x00000000ebd00000, 0x0000000100000000)
  eden space 12800K, 100% used [0x00000000eab00000,0x00000000eb780000,0x00000000eb780000)
  from space 1024K, 61% used [0x00000000ebb00000,0x00000000ebb9c858,0x00000000ebc00000)
  to   space 1024K, 0% used [0x00000000ebc00000,0x00000000ebc00000,0x00000000ebd00000)
 ParOldGen       total 68608K, used 43445K [0x00000000c0000000, 0x00000000c4300000, 0x00000000eab00000)
  object space 68608K, 63% used [0x00000000c0000000,0x00000000c2a6d6c8,0x00000000c4300000)
 Metaspace       used 55300K, committed 56192K, reserved 1105920K
  class space    used 6459K, committed 6848K, reserved 1048576K
}
Event: 75.711 GC heap after
{Heap after GC invocations=30 (full 2):
 PSYoungGen      total 13824K, used 917K [0x00000000eab00000, 0x00000000ebd00000, 0x0000000100000000)
  eden space 12800K, 0% used [0x00000000eab00000,0x00000000eab00000,0x00000000eb780000)
  from space 1024K, 89% used [0x00000000ebc00000,0x00000000ebce5428,0x00000000ebd00000)
  to   space 1024K, 0% used [0x00000000ebb00000,0x00000000ebb00000,0x00000000ebc00000)
 ParOldGen       total 68608K, used 43834K [0x00000000c0000000, 0x00000000c4300000, 0x00000000eab00000)
  object space 68608K, 63% used [0x00000000c0000000,0x00000000c2acea70,0x00000000c4300000)
 Metaspace       used 55300K, committed 56192K, reserved 1105920K
  class space    used 6459K, committed 6848K, reserved 1048576K
}
Event: 77.180 GC heap before
{Heap before GC invocations=31 (full 2):
 PSYoungGen      total 13824K, used 13717K [0x00000000eab00000, 0x00000000ebd00000, 0x0000000100000000)
  eden space 12800K, 100% used [0x00000000eab00000,0x00000000eb780000,0x00000000eb780000)
  from space 1024K, 89% used [0x00000000ebc00000,0x00000000ebce5428,0x00000000ebd00000)
  to   space 1024K, 0% used [0x00000000ebb00000,0x00000000ebb00000,0x00000000ebc00000)
 ParOldGen       total 68608K, used 43834K [0x00000000c0000000, 0x00000000c4300000, 0x00000000eab00000)
  object space 68608K, 63% used [0x00000000c0000000,0x00000000c2acea70,0x00000000c4300000)
 Metaspace       used 56255K, committed 57152K, reserved 1105920K
  class space    used 6651K, committed 7040K, reserved 1048576K
}
Event: 77.182 GC heap after
{Heap after GC invocations=31 (full 2):
 PSYoungGen      total 13312K, used 320K [0x00000000eab00000, 0x00000000ebc80000, 0x0000000100000000)
  eden space 12800K, 0% used [0x00000000eab00000,0x00000000eab00000,0x00000000eb780000)
  from space 512K, 62% used [0x00000000ebb00000,0x00000000ebb50150,0x00000000ebb80000)
  to   space 1024K, 0% used [0x00000000ebb80000,0x00000000ebb80000,0x00000000ebc80000)
 ParOldGen       total 68608K, used 44655K [0x00000000c0000000, 0x00000000c4300000, 0x00000000eab00000)
  object space 68608K, 65% used [0x00000000c0000000,0x00000000c2b9bd10,0x00000000c4300000)
 Metaspace       used 56255K, committed 57152K, reserved 1105920K
  class space    used 6651K, committed 7040K, reserved 1048576K
}
Event: 77.830 GC heap before
{Heap before GC invocations=32 (full 2):
 PSYoungGen      total 13312K, used 13120K [0x00000000eab00000, 0x00000000ebc80000, 0x0000000100000000)
  eden space 12800K, 100% used [0x00000000eab00000,0x00000000eb780000,0x00000000eb780000)
  from space 512K, 62% used [0x00000000ebb00000,0x00000000ebb50150,0x00000000ebb80000)
  to   space 1024K, 0% used [0x00000000ebb80000,0x00000000ebb80000,0x00000000ebc80000)
 ParOldGen       total 68608K, used 44655K [0x00000000c0000000, 0x00000000c4300000, 0x00000000eab00000)
  object space 68608K, 65% used [0x00000000c0000000,0x00000000c2b9bd10,0x00000000c4300000)
 Metaspace       used 57097K, committed 57984K, reserved 1105920K
  class space    used 6845K, committed 7232K, reserved 1048576K
}
Event: 77.831 GC heap after
{Heap after GC invocations=32 (full 2):
 PSYoungGen      total 13312K, used 306K [0x00000000eab00000, 0x00000000ebc00000, 0x0000000100000000)
  eden space 12800K, 0% used [0x00000000eab00000,0x00000000eab00000,0x00000000eb780000)
  from space 512K, 59% used [0x00000000ebb80000,0x00000000ebbccb90,0x00000000ebc00000)
  to   space 512K, 0% used [0x00000000ebb00000,0x00000000ebb00000,0x00000000ebb80000)
 ParOldGen       total 68608K, used 44764K [0x00000000c0000000, 0x00000000c4300000, 0x00000000eab00000)
  object space 68608K, 65% used [0x00000000c0000000,0x00000000c2bb7068,0x00000000c4300000)
 Metaspace       used 57097K, committed 57984K, reserved 1105920K
  class space    used 6845K, committed 7232K, reserved 1048576K
}
Event: 78.943 GC heap before
{Heap before GC invocations=33 (full 2):
 PSYoungGen      total 13312K, used 13106K [0x00000000eab00000, 0x00000000ebc00000, 0x0000000100000000)
  eden space 12800K, 100% used [0x00000000eab00000,0x00000000eb780000,0x00000000eb780000)
  from space 512K, 59% used [0x00000000ebb80000,0x00000000ebbccb90,0x00000000ebc00000)
  to   space 512K, 0% used [0x00000000ebb00000,0x00000000ebb00000,0x00000000ebb80000)
 ParOldGen       total 68608K, used 44764K [0x00000000c0000000, 0x00000000c4300000, 0x00000000eab00000)
  object space 68608K, 65% used [0x00000000c0000000,0x00000000c2bb7068,0x00000000c4300000)
 Metaspace       used 57655K, committed 58560K, reserved 1105920K
  class space    used 6992K, committed 7424K, reserved 1048576K
}
Event: 78.944 GC heap after
{Heap after GC invocations=33 (full 2):
 PSYoungGen      total 13312K, used 379K [0x00000000eab00000, 0x00000000ebc00000, 0x0000000100000000)
  eden space 12800K, 0% used [0x00000000eab00000,0x00000000eab00000,0x00000000eb780000)
  from space 512K, 74% used [0x00000000ebb00000,0x00000000ebb5efc0,0x00000000ebb80000)
  to   space 512K, 0% used [0x00000000ebb80000,0x00000000ebb80000,0x00000000ebc00000)
 ParOldGen       total 68608K, used 44868K [0x00000000c0000000, 0x00000000c4300000, 0x00000000eab00000)
  object space 68608K, 65% used [0x00000000c0000000,0x00000000c2bd1068,0x00000000c4300000)
 Metaspace       used 57655K, committed 58560K, reserved 1105920K
  class space    used 6992K, committed 7424K, reserved 1048576K
}
Event: 82.152 GC heap before
{Heap before GC invocations=34 (full 2):
 PSYoungGen      total 13312K, used 13179K [0x00000000eab00000, 0x00000000ebc00000, 0x0000000100000000)
  eden space 12800K, 100% used [0x00000000eab00000,0x00000000eb780000,0x00000000eb780000)
  from space 512K, 74% used [0x00000000ebb00000,0x00000000ebb5efc0,0x00000000ebb80000)
  to   space 512K, 0% used [0x00000000ebb80000,0x00000000ebb80000,0x00000000ebc00000)
 ParOldGen       total 68608K, used 44868K [0x00000000c0000000, 0x00000000c4300000, 0x00000000eab00000)
  object space 68608K, 65% used [0x00000000c0000000,0x00000000c2bd1068,0x00000000c4300000)
 Metaspace       used 58535K, committed 59392K, reserved 1105920K
  class space    used 7158K, committed 7552K, reserved 1048576K
}
Event: 82.153 GC heap after
{Heap after GC invocations=34 (full 2):
 PSYoungGen      total 13312K, used 448K [0x00000000eab00000, 0x00000000ebc00000, 0x0000000100000000)
  eden space 12800K, 0% used [0x00000000eab00000,0x00000000eab00000,0x00000000eb780000)
  from space 512K, 87% used [0x00000000ebb80000,0x00000000ebbf0000,0x00000000ebc00000)
  to   space 512K, 0% used [0x00000000ebb00000,0x00000000ebb00000,0x00000000ebb80000)
 ParOldGen       total 68608K, used 45003K [0x00000000c0000000, 0x00000000c4300000, 0x00000000eab00000)
  object space 68608K, 65% used [0x00000000c0000000,0x00000000c2bf2d78,0x00000000c4300000)
 Metaspace       used 58535K, committed 59392K, reserved 1105920K
  class space    used 7158K, committed 7552K, reserved 1048576K
}
Event: 82.332 GC heap before
{Heap before GC invocations=35 (full 2):
 PSYoungGen      total 13312K, used 2525K [0x00000000eab00000, 0x00000000ebc00000, 0x0000000100000000)
  eden space 12800K, 16% used [0x00000000eab00000,0x00000000ead07530,0x00000000eb780000)
  from space 512K, 87% used [0x00000000ebb80000,0x00000000ebbf0000,0x00000000ebc00000)
  to   space 512K, 0% used [0x00000000ebb00000,0x00000000ebb00000,0x00000000ebb80000)
 ParOldGen       total 68608K, used 45003K [0x00000000c0000000, 0x00000000c4300000, 0x00000000eab00000)
  object space 68608K, 65% used [0x00000000c0000000,0x00000000c2bf2d78,0x00000000c4300000)
 Metaspace       used 58930K, committed 59776K, reserved 1105920K
  class space    used 7210K, committed 7616K, reserved 1048576K
}
Event: 82.334 GC heap after
{Heap after GC invocations=35 (full 2):
 PSYoungGen      total 13312K, used 288K [0x00000000eab00000, 0x00000000ebc00000, 0x0000000100000000)
  eden space 12800K, 0% used [0x00000000eab00000,0x00000000eab00000,0x00000000eb780000)
  from space 512K, 56% used [0x00000000ebb00000,0x00000000ebb48000,0x00000000ebb80000)
  to   space 512K, 0% used [0x00000000ebb80000,0x00000000ebb80000,0x00000000ebc00000)
 ParOldGen       total 68608K, used 45307K [0x00000000c0000000, 0x00000000c4300000, 0x00000000eab00000)
  object space 68608K, 66% used [0x00000000c0000000,0x00000000c2c3ed98,0x00000000c4300000)
 Metaspace       used 58930K, committed 59776K, reserved 1105920K
  class space    used 7210K, committed 7616K, reserved 1048576K
}
Event: 82.334 GC heap before
{Heap before GC invocations=36 (full 3):
 PSYoungGen      total 13312K, used 288K [0x00000000eab00000, 0x00000000ebc00000, 0x0000000100000000)
  eden space 12800K, 0% used [0x00000000eab00000,0x00000000eab00000,0x00000000eb780000)
  from space 512K, 56% used [0x00000000ebb00000,0x00000000ebb48000,0x00000000ebb80000)
  to   space 512K, 0% used [0x00000000ebb80000,0x00000000ebb80000,0x00000000ebc00000)
 ParOldGen       total 68608K, used 45307K [0x00000000c0000000, 0x00000000c4300000, 0x00000000eab00000)
  object space 68608K, 66% used [0x00000000c0000000,0x00000000c2c3ed98,0x00000000c4300000)
 Metaspace       used 58930K, committed 59776K, reserved 1105920K
  class space    used 7210K, committed 7616K, reserved 1048576K
}
Event: 82.425 GC heap after
{Heap after GC invocations=36 (full 3):
 PSYoungGen      total 13312K, used 0K [0x00000000eab00000, 0x00000000ebc00000, 0x0000000100000000)
  eden space 12800K, 0% used [0x00000000eab00000,0x00000000eab00000,0x00000000eb780000)
  from space 512K, 0% used [0x00000000ebb00000,0x00000000ebb00000,0x00000000ebb80000)
  to   space 512K, 0% used [0x00000000ebb80000,0x00000000ebb80000,0x00000000ebc00000)
 ParOldGen       total 68608K, used 42833K [0x00000000c0000000, 0x00000000c4300000, 0x00000000eab00000)
  object space 68608K, 62% used [0x00000000c0000000,0x00000000c29d4428,0x00000000c4300000)
 Metaspace       used 58930K, committed 59776K, reserved 1105920K
  class space    used 7210K, committed 7616K, reserved 1048576K
}
Event: 88.212 GC heap before
{Heap before GC invocations=37 (full 3):
 PSYoungGen      total 13312K, used 12800K [0x00000000eab00000, 0x00000000ebc00000, 0x0000000100000000)
  eden space 12800K, 100% used [0x00000000eab00000,0x00000000eb780000,0x00000000eb780000)
  from space 512K, 0% used [0x00000000ebb00000,0x00000000ebb00000,0x00000000ebb80000)
  to   space 512K, 0% used [0x00000000ebb80000,0x00000000ebb80000,0x00000000ebc00000)
 ParOldGen       total 68608K, used 42833K [0x00000000c0000000, 0x00000000c4300000, 0x00000000eab00000)
  object space 68608K, 62% used [0x00000000c0000000,0x00000000c29d4428,0x00000000c4300000)
 Metaspace       used 59961K, committed 60800K, reserved 1105920K
  class space    used 7334K, committed 7680K, reserved 1048576K
}
Event: 88.213 GC heap after
{Heap after GC invocations=37 (full 3):
 PSYoungGen      total 13312K, used 500K [0x00000000eab00000, 0x00000000ebc00000, 0x0000000100000000)
  eden space 12800K, 0% used [0x00000000eab00000,0x00000000eab00000,0x00000000eb780000)
  from space 512K, 97% used [0x00000000ebb80000,0x00000000ebbfd2e0,0x00000000ebc00000)
  to   space 1536K, 0% used [0x00000000eb900000,0x00000000eb900000,0x00000000eba80000)
 ParOldGen       total 68608K, used 43378K [0x00000000c0000000, 0x00000000c4300000, 0x00000000eab00000)
  object space 68608K, 63% used [0x00000000c0000000,0x00000000c2a5c8e0,0x00000000c4300000)
 Metaspace       used 59961K, committed 60800K, reserved 1105920K
  class space    used 7334K, committed 7680K, reserved 1048576K
}

